<?xml version="1.0" encoding="UTF-8"?>
<testng-results ignored="0" total="1" passed="1" failed="0" skipped="0">
  <reporter-output>
  </reporter-output>
  <suite started-at="2023-06-26T10:22:21 EEST" name="Surefire suite" finished-at="2023-06-26T10:23:29 EEST" duration-ms="68194">
    <groups>
    </groups>
    <test started-at="2023-06-26T10:22:21 EEST" name="Surefire test" finished-at="2023-06-26T10:23:29 EEST" duration-ms="68194">
      <class name="com.demo.api.CurrencyApiTest">
        <test-method is-config="true" signature="initClient()[pri:0, instance:com.demo.api.CurrencyApiTest@497aec8c]" started-at="2023-06-26T10:22:21 EEST" name="initClient" finished-at="2023-06-26T10:22:21 EEST" duration-ms="268" status="PASS">
          <reporter-output>
          </reporter-output>
        </test-method> <!-- initClient -->
        <test-method signature="currencyApiTest()[pri:0, instance:com.demo.api.CurrencyApiTest@497aec8c]" started-at="2023-06-26T10:22:21 EEST" name="currencyApiTest" finished-at="2023-06-26T10:23:28 EEST" duration-ms="66951" status="PASS">
          <reporter-output>
          </reporter-output>
        </test-method> <!-- currencyApiTest -->
      </class> <!-- com.demo.api.CurrencyApiTest -->
    </test> <!-- Surefire test -->
  </suite> <!-- Surefire suite -->
</testng-results>
